InhalerDetectionModule/build/intermediates/manifest_merge_blame_file/debug/manifest-merger-blame-debug-report.txt
1<?xml version="1.0" encoding="utf-8"?>
2<manifest xmlns:android="http://schemas.android.com/apk/res/android"
3    package="org.medida.inhalerdetection"
4    android:versionCode="301"
5    android:versionName="3.01" >
6
7    <uses-sdk
8        android:minSdkVersion="21"
8-->src\main\AndroidManifest.xml
9        android:targetSdkVersion="30" />
9-->src\main\AndroidManifest.xml
10
11    <supports-screens
11-->src\main\AndroidManifest.xml:6:5-11:39
12        android:anyDensity="true"
12-->src\main\AndroidManifest.xml:7:9-34
13        android:largeScreens="true"
13-->src\main\AndroidManifest.xml:8:9-36
14        android:normalScreens="true"
14-->src\main\AndroidManifest.xml:9:9-37
15        android:resizeable="true"
15-->src\main\AndroidManifest.xml:10:9-34
16        android:smallScreens="true" />
16-->src\main\AndroidManifest.xml:11:9-36
17
18    <uses-permission android:name="android.permission.CAMERA" />
18-->src\main\AndroidManifest.xml:13:5-65
18-->src\main\AndroidManifest.xml:13:22-62
19    <uses-permission android:name="android.permission.READ_EXTERNAL_STORAGE" />
19-->src\main\AndroidManifest.xml:14:5-80
19-->src\main\AndroidManifest.xml:14:22-77
20    <uses-permission android:name="android.permission.WRITE_EXTERNAL_STORAGE" />
20-->src\main\AndroidManifest.xml:15:5-81
20-->src\main\AndroidManifest.xml:15:22-78
21
22    <uses-feature
22-->src\main\AndroidManifest.xml:17:5-19:36
23        android:name="android.hardware.camera"
23-->src\main\AndroidManifest.xml:18:9-47
24        android:required="false" />
24-->src\main\AndroidManifest.xml:19:9-33
25    <uses-feature
25-->src\main\AndroidManifest.xml:20:5-22:36
26        android:name="android.hardware.camera.autofocus"
26-->src\main\AndroidManifest.xml:21:9-57
27        android:required="false" />
27-->src\main\AndroidManifest.xml:22:9-33
28    <uses-feature
28-->src\main\AndroidManifest.xml:23:5-25:36
29        android:name="android.hardware.camera.front"
29-->src\main\AndroidManifest.xml:24:9-53
30        android:required="false" />
30-->src\main\AndroidManifest.xml:25:9-33
31    <uses-feature
31-->src\main\AndroidManifest.xml:26:5-28:36
32        android:name="android.hardware.camera.front.autofocus"
32-->src\main\AndroidManifest.xml:27:9-63
33        android:required="false" />
33-->src\main\AndroidManifest.xml:28:9-33
34
35    <uses-permission android:name="android.permission.READ_PHONE_STATE" />
35-->src\main\AndroidManifest.xml:29:5-75
35-->src\main\AndroidManifest.xml:29:22-72
36
37    <application android:label="@string/app_name" >
37-->src\main\AndroidManifest.xml:31:5-56:19
37-->src\main\AndroidManifest.xml:32:9-41
38        <activity
38-->src\main\AndroidManifest.xml:33:9-39:20
39            android:name="org.medida.inhalerdetection.InhalerDetectionActivity"
39-->src\main\AndroidManifest.xml:34:13-53
40            android:configChanges="keyboardHidden|orientation"
40-->src\main\AndroidManifest.xml:36:13-63
41            android:label="@string/app_name"
41-->src\main\AndroidManifest.xml:37:13-45
42            android:screenOrientation="portrait"
42-->src\main\AndroidManifest.xml:35:13-49
43            android:theme="@android:style/Theme.NoTitleBar.Fullscreen" >
43-->src\main\AndroidManifest.xml:38:13-71
44        </activity>
45        <activity
45-->src\main\AndroidManifest.xml:40:9-49:20
46            android:name="org.medida.inhalerdetection.ExampleMainActivity"
46-->src\main\AndroidManifest.xml:41:13-48
47            android:label="@string/title_activity_main" >
47-->src\main\AndroidManifest.xml:42:13-56
48
49            <!--
50            <intent-filter>
51                <action android:name="android.intent.action.MAIN" />
52                <category android:name="android.intent.category.LAUNCHER" />
53            </intent-filter>
54            -->
55        </activity>
56        <activity
56-->src\main\AndroidManifest.xml:50:9-51:51
57            android:name="org.medida.inhalerdetection.PreInstructionDetectionActivity"
57-->src\main\AndroidManifest.xml:50:19-66
58            android:screenOrientation="portrait" />
58-->src\main\AndroidManifest.xml:51:13-49
59        <activity
59-->src\main\AndroidManifest.xml:52:9-53:51
60            android:name="org.medida.inhalerdetection.PostDetectionActivity"
60-->src\main\AndroidManifest.xml:52:19-56
61            android:screenOrientation="portrait" />
61-->src\main\AndroidManifest.xml:53:13-49
62        <activity
62-->src\main\AndroidManifest.xml:54:9-55:51
63            android:name="org.medida.inhalerdetection.PreDetectionActivity"
63-->src\main\AndroidManifest.xml:54:19-55
64            android:screenOrientation="portrait" />
64-->src\main\AndroidManifest.xml:55:13-49
65    </application>
66
67</manifest>